0 info it worked if it ends with ok
1 verbose cli [ '/usr/local/bin/node',
1 verbose cli   '/usr/local/bin/npm',
1 verbose cli   'install',
1 verbose cli   'noflo-ui',
1 verbose cli   '--save' ]
2 info using npm@2.14.4
3 info using node@v4.1.2
4 verbose install initial load of /home/david/projects/davidnoflo/package.json
5 warn package.json davidnoflo@0.0.1 No description
6 warn package.json davidnoflo@0.0.1 No repository field.
7 warn package.json davidnoflo@0.0.1 No README data
8 warn package.json davidnoflo@0.0.1 No license field.
9 verbose installManyTop reading scoped package data from /home/david/projects/davidnoflo/node_modules/noflo/package.json
10 verbose installManyTop reading scoped package data from /home/david/projects/davidnoflo/node_modules/noflo-core/package.json
11 verbose installManyTop reading scoped package data from /home/david/projects/davidnoflo/node_modules/noflo-filesystem/package.json
12 verbose installManyTop reading scoped package data from /home/david/projects/davidnoflo/node_modules/noflo-interaction/package.json
13 verbose installManyTop reading scoped package data from /home/david/projects/davidnoflo/node_modules/noflo-math/package.json
14 verbose installManyTop reading scoped package data from /home/david/projects/davidnoflo/node_modules/noflo-nodejs/package.json
15 verbose readDependencies loading dependencies from /home/david/projects/davidnoflo/package.json
16 silly cache add args [ 'noflo-ui', null ]
17 verbose cache add spec noflo-ui
18 silly cache add parsed spec Result {
18 silly cache add   raw: 'noflo-ui',
18 silly cache add   scope: null,
18 silly cache add   name: 'noflo-ui',
18 silly cache add   rawSpec: '',
18 silly cache add   spec: '*',
18 silly cache add   type: 'range' }
19 silly addNamed noflo-ui@*
20 verbose addNamed "*" is a valid semver range for noflo-ui
21 silly addNameRange { name: 'noflo-ui', range: '*', hasData: false }
22 silly mapToRegistry name noflo-ui
23 silly mapToRegistry using default registry
24 silly mapToRegistry registry https://registry.npmjs.org/
25 silly mapToRegistry uri https://registry.npmjs.org/noflo-ui
26 verbose addNameRange registry:https://registry.npmjs.org/noflo-ui not in flight; fetching
27 verbose request uri https://registry.npmjs.org/noflo-ui
28 verbose request no auth needed
29 info attempt registry request try #1 at 4:27:14 PM
30 verbose request id aa05ed40ff50b67b
31 http request GET https://registry.npmjs.org/noflo-ui
32 http 404 https://registry.npmjs.org/noflo-ui
33 verbose headers { server: 'CouchDB/1.5.0 (Erlang OTP/R16B03)',
33 verbose headers   etag: '"43EZG16QLBPC192GDHOE9DW4M"',
33 verbose headers   'content-type': 'application/json',
33 verbose headers   'cache-control': 'max-age=0',
33 verbose headers   'content-length': '409',
33 verbose headers   'accept-ranges': 'bytes',
33 verbose headers   date: 'Wed, 05 Oct 2016 21:27:14 GMT',
33 verbose headers   via: '1.1 varnish',
33 verbose headers   age: '0',
33 verbose headers   connection: 'keep-alive',
33 verbose headers   'x-served-by': 'cache-ord1742-ORD',
33 verbose headers   'x-cache': 'MISS',
33 verbose headers   'x-cache-hits': '0',
33 verbose headers   'x-timer': 'S1475702834.173322,VS0,VE360',
33 verbose headers   vary: 'Accept-Encoding' }
34 silly get cb [ 404,
34 silly get   { server: 'CouchDB/1.5.0 (Erlang OTP/R16B03)',
34 silly get     etag: '"43EZG16QLBPC192GDHOE9DW4M"',
34 silly get     'content-type': 'application/json',
34 silly get     'cache-control': 'max-age=0',
34 silly get     'content-length': '409',
34 silly get     'accept-ranges': 'bytes',
34 silly get     date: 'Wed, 05 Oct 2016 21:27:14 GMT',
34 silly get     via: '1.1 varnish',
34 silly get     age: '0',
34 silly get     connection: 'keep-alive',
34 silly get     'x-served-by': 'cache-ord1742-ORD',
34 silly get     'x-cache': 'MISS',
34 silly get     'x-cache-hits': '0',
34 silly get     'x-timer': 'S1475702834.173322,VS0,VE360',
34 silly get     vary: 'Accept-Encoding' } ]
35 verbose stack Error: Registry returned 404 for GET on https://registry.npmjs.org/noflo-ui
35 verbose stack     at makeError (/usr/local/lib/node_modules/npm/node_modules/npm-registry-client/lib/request.js:263:12)
35 verbose stack     at CachingRegistryClient.<anonymous> (/usr/local/lib/node_modules/npm/node_modules/npm-registry-client/lib/request.js:241:14)
35 verbose stack     at Request._callback (/usr/local/lib/node_modules/npm/node_modules/npm-registry-client/lib/request.js:171:14)
35 verbose stack     at Request.self.callback (/usr/local/lib/node_modules/npm/node_modules/request/request.js:198:22)
35 verbose stack     at emitTwo (events.js:87:13)
35 verbose stack     at Request.emit (events.js:172:7)
35 verbose stack     at Request.<anonymous> (/usr/local/lib/node_modules/npm/node_modules/request/request.js:1073:14)
35 verbose stack     at emitOne (events.js:82:20)
35 verbose stack     at Request.emit (events.js:169:7)
35 verbose stack     at IncomingMessage.<anonymous> (/usr/local/lib/node_modules/npm/node_modules/request/request.js:1019:12)
36 verbose statusCode 404
37 verbose pkgid noflo-ui
38 verbose cwd /home/david/projects/davidnoflo
39 error Linux 4.4.0-38-generic
40 error argv "/usr/local/bin/node" "/usr/local/bin/npm" "install" "noflo-ui" "--save"
41 error node v4.1.2
42 error npm  v2.14.4
43 error code E404
44 error 404 Registry returned 404 for GET on https://registry.npmjs.org/noflo-ui
44 error 404
44 error 404 'noflo-ui' is not in the npm registry.
44 error 404 You should bug the author to publish it (or use the name yourself!)
44 error 404 It was specified as a dependency of 'davidnoflo'
44 error 404
44 error 404 Note that you can also install from a
44 error 404 tarball, folder, http url, or git url.
45 verbose exit [ 1, true ]
